BG3_Quest10
$ ==>            00007FF695269DA3  return to bg3.00007FF695269DA3 from bg3.00007FF697011BE0
$+10             00007FF69774EE98  return to bg3.00007FF69774EE98 from bg3.00007FF6977B9F90
$+40             00007FF695269F2A  return to bg3.00007FF695269F2A from ???
$+E0             00007FF69463FC42  return to bg3.00007FF69463FC42 from bg3.00007FF69805ABA0
$+130            00007FF6977D22A8  return to bg3.00007FF6977D22A8 from bg3.00007FF69774F2D0
$+2C0            00007FF69760A058  return to bg3.00007FF69760A058 from bg3.00007FF697609DC0
$+2F0            00007FF731E9B859  return to bg3.00007FF731E9B859 from bg3.00007FF7328FABA0
$+380            00007FF73207714E  return to bg3.00007FF73207714E from bg3.00007FF732036AF0
$+3B0            00007FF73207714E  return to bg3.00007FF73207714E from bg3.00007FF732036AF0
$+3C0            00007FF73207714E  return to bg3.00007FF73207714E from bg3.00007FF732036AF0
$+3E0            00007FF732076485  return to bg3.00007FF732076485 from bg3.00007FF7328FABA0
$+4F0            00007FF732059F7F  return to bg3.00007FF732059F7F from bg3.00007FF7320761B0
$+500            00007FF72F8E1F60  return to bg3.00007FF72F8E1F60 from bg3.00007FF7328FABA0
$+520            00007FF731FEF05A  return to bg3.00007FF731FEF05A from bg3.00007FF732059F60
$+580            00007FF72FCBA068  return to bg3.00007FF72FCBA068 from bg3.00007FF72FB09E60
$+5C0            00007FF73170194C  return to bg3.00007FF73170194C from ???
$+5F8            00007FF4491A0240  &"SetAchievementProgressForPlayer"
$+630            00007FFC2F1B187B  return to osiris.00007FFC2F1B187B from osiris.00007FFC2F1A15E0
$+680            00007FFC5C2E76E1  return to ntdll.00007FFC5C2E76E1 from ntdll.00007FFC5C2E7BF0
$+690            000002907395BD00  "SetAchievementProgressForPlayer/3"
$+6E0            00007FFC2F1B1FFF  return to osiris.00007FFC2F1B1FFF from osiris.00007FFC2F1B1130
$+710            00007FFC2F1E278D  return to osiris.00007FFC2F1E278D from osiris.00007FFC2F1B1FE0
$+720            000000D8729DE4D8  &"SetAchievementProgressForPlayer/3"
$+740            00007FFC2F1E6B8B  return to osiris.00007FFC2F1E6B8B from ???
$+780            00007FFC2F1E11F3  return to osiris.00007FFC2F1E11F3 from osiris.00007FFC2F1E6B00
$+800            00007FFC2F1DD563  return to osiris.00007FFC2F1DD563 from ???
$+830            00007FFC2F1B37E8  return to osiris.00007FFC2F1B37E8 from osiris.00007FFC2F1A3470
$+860            0000028FB9903F60  &"PROC_Achievements_SetProgress"
$+870            00007FFC2F1DD31D  return to osiris.00007FFC2F1DD31D from ???
$+8E0            00007FFC2F1B19D1  return to osiris.00007FFC2F1B19D1 from ???
$+940            0000029084661AB0  "PROC_Achievements_SetProgress/3"
$+990            00007FFC2F1B1FFF  return to osiris.00007FFC2F1B1FFF from osiris.00007FFC2F1B1130
$+9C0            00007FFC2F1E278D  return to osiris.00007FFC2F1E278D from osiris.00007FFC2F1B1FE0
$+9D0            000000D8729DE788  &"PROC_Achievements_SetProgress/3"
$+9F0            00007FFC2F1E6B8B  return to osiris.00007FFC2F1E6B8B from ???
$+A30            00007FFC2F1DCDD6  return to osiris.00007FFC2F1DCDD6 from osiris.00007FFC2F1E6B00
$+AA0            00007FFC2F1DF862  return to osiris.00007FFC2F1DF862 from osiris.00007FFC2F1DCBE0
$+AE0            00007FFC2F1BAEA6  return to osiris.00007FFC2F1BAEA6 from osiris.00007FFC2F1A50D0
$+B90            00007FFC2F1E6A07  return to osiris.00007FFC2F1E6A07 from osiris.00007FFC2F1DF100
$+BD0            00007FFC2F1DD563  return to osiris.00007FFC2F1DD563 from ???
$+C00            00007FFC2F1B37E8  return to osiris.00007FFC2F1B37E8 from osiris.00007FFC2F1A3470
$+C30            00007FF4491A0760  &"PROC_Achievements_SetProgress"
$+C40            00007FFC2F1DD31D  return to osiris.00007FFC2F1DD31D from ???
$+CB0            00007FFC2F1B19D1  return to osiris.00007FFC2F1B19D1 from ???
$+D00            00007FF44A475C02  "TemplateCheckAmount"
$+D10            0000029084661780  "PROC_Achievements_SetProgress/2"
$+D60            00007FFC2F1B1FFF  return to osiris.00007FFC2F1B1FFF from osiris.00007FFC2F1B1130
$+D90            00007FFC2F1E278D  return to osiris.00007FFC2F1E278D from osiris.00007FFC2F1B1FE0
$+DA0            000000D8729DEB58  &"PROC_Achievements_SetProgress/2"
$+DC0            00007FFC2F1E6B8B  return to osiris.00007FFC2F1E6B8B from ???
$+E00            00007FFC2F1DFC46  return to osiris.00007FFC2F1DFC46 from osiris.00007FFC2F1E6B00
$+E60            00007FFC2F1BC5CE  return to osiris.00007FFC2F1BC5CE from osiris.00007FFC2F1A50D0
$+E80            00007FFC2F1A3ACC  return to osiris.00007FFC2F1A3ACC from osiris.00007FFC2F209788
$+E90            00007FFC2F1B3CA5  return to osiris.00007FFC2F1B3CA5 from ???
$+EF0            00007FFC2F1E6A07  return to osiris.00007FFC2F1E6A07 from osiris.00007FFC2F1DF100
$+F30            00007FFC2F1E6B8B  return to osiris.00007FFC2F1E6B8B from ???
$+F70            00007FFC2F1DCDD6  return to osiris.00007FFC2F1DCDD6 from osiris.00007FFC2F1E6B00
$+FE0            00007FFC2F1DF862  return to osiris.00007FFC2F1DF862 from osiris.00007FFC2F1DCBE0
$+1090           00007FF7320722A8  return to bg3.00007FF7320722A8 from bg3.00007FF731FEF2D0
$+10D0           00007FFC2F1E6A07  return to osiris.00007FFC2F1E6A07 from osiris.00007FFC2F1DF100
$+1110           00007FFC2F1E6B8B  return to osiris.00007FFC2F1E6B8B from ???
$+1150           00007FFC2F1DCDD6  return to osiris.00007FFC2F1DCDD6 from osiris.00007FFC2F1E6B00
$+11C0           00007FFC2F1DF862  return to osiris.00007FFC2F1DF862 from osiris.00007FFC2F1DCBE0
$+1200           00007FFC2F1BAED6  return to osiris.00007FFC2F1BAED6 from ???
$+12B0           00007FFC2F1E6A07  return to osiris.00007FFC2F1E6A07 from osiris.00007FFC2F1DF100
$+12F0           00007FFC2F1DD563  return to osiris.00007FFC2F1DD563 from ???
$+1320           00007FFC2F1B37E8  return to osiris.00007FFC2F1B37E8 from osiris.00007FFC2F1A3470
$+1350           00007FF4491A17E0  &"PROC_Achievements_IncrementProgress"
$+1360           00007FFC2F1DD31D  return to osiris.00007FFC2F1DD31D from ???
$+13D0           00007FFC2F1B19D1  return to osiris.00007FFC2F1B19D1 from ???
$+1430           000002907395B640  "PROC_Achievements_IncrementProgress/1"
$+1480           00007FFC2F1B1FFF  return to osiris.00007FFC2F1B1FFF from osiris.00007FFC2F1B1130
$+14B0           00007FFC2F1E278D  return to osiris.00007FFC2F1E278D from osiris.00007FFC2F1B1FE0
$+14E0           00007FFC2F1E6B8B  return to osiris.00007FFC2F1E6B8B from ???
$+1520           00007FFC2F1DFC46  return to osiris.00007FFC2F1DFC46 from osiris.00007FFC2F1E6B00
$+1560           00007FF7320722A8  return to bg3.00007FF7320722A8 from bg3.00007FF731FEF2D0
$+15A0           00007FF731FEF28F  return to bg3.00007FF731FEF28F from ???
$+15C0           00007FFC5C2E76E1  return to ntdll.00007FFC5C2E76E1 from ntdll.00007FFC5C2E7BF0
$+15D0           00007FF732072315  return to bg3.00007FF732072315 from bg3.00007FF731FEF2D0
$+1610           00007FFC2F1E6A07  return to osiris.00007FFC2F1E6A07 from osiris.00007FFC2F1DF100
$+1650           00007FFC2F1E6B8B  return to osiris.00007FFC2F1E6B8B from ???
$+1690           00007FFC2F1E11F3  return to osiris.00007FFC2F1E11F3 from osiris.00007FFC2F1E6B00
$+16C0           00007FFC2F1BC6A4  return to osiris.00007FFC2F1BC6A4 from osiris.00007FFC2F1A50D0
$+1710           00007FFC2F1DD563  return to osiris.00007FFC2F1DD563 from ???
$+1740           00007FFC2F1B37E8  return to osiris.00007FFC2F1B37E8 from osiris.00007FFC2F1A3470
$+1780           00007FFC2F1DD31D  return to osiris.00007FFC2F1DD31D from ???
$+17F0           00007FFC2F1C621E  return to osiris.00007FFC2F1C621E from ???
$+1850           00007FF731701547  return to bg3.00007FF731701547 from ???
$+1870           00007FFC2F1D5F6A  return to osiris.00007FFC2F1D5F6A from osiris.00007FFC2F1A50D0
$+1880           00007FF7316FE1F0  return to bg3.00007FF7316FE1F0 from bg3.00007FF731701500
$+18B0           00007FF7317005AA  return to bg3.00007FF7317005AA from bg3.00007FF7316FE1D0
$+18F0           0000028F9ABD31E7  return to 0000028F9ABD31E7 from 0000028F9ABD12D4
$+1950           00007FF7316FC7F9  return to bg3.00007FF7316FC7F9 from bg3.00007FF731700310
$+1980           00007FF72FCD3CEC  return to bg3.00007FF72FCD3CEC from bg3.00007FF72F892C20
$+19B0           00007FF72F83A856  return to bg3.00007FF72F83A856 from ???
$+19E0           00007FF72FA66B9B  return to bg3.00007FF72FA66B9B from bg3.00007FF72FA686F0
$+19F0           00007FF731EC9EF3  return to bg3.00007FF731EC9EF3 from ???
$+1A20           00007FF731EA0FD7  return to bg3.00007FF731EA0FD7 from ???
$+1A50           00007FF72F7CA04A  return to bg3.00007FF72F7CA04A from bg3.00007FF72F83A640
$+1A80           00007FF72EE6F73A  return to bg3.00007FF72EE6F73A from bg3.00007FF72F7CA000
$+1C40           00007FF732016044  return to bg3.00007FF732016044 from ???
$+1C80           00007FF732016257  return to bg3.00007FF732016257 from bg3.00007FF732016020
$+1CC0           00007FFC5B5A55A0  return to kernel32.00007FFC5B5A55A0 from kernel32.00007FFC5B5B58E0
$+1CF0           00007FFC5C2C485B  return to ntdll.00007FFC5C2C485B from ???
