BG3_Quest15
$ ==>            00007FF72FB0A181  return to bg3.00007FF72FB0A181 from ???
$+50             00007FF72EEDFC42  return to bg3.00007FF72EEDFC42 from bg3.00007FF7328FABA0
$+A0             00007FFC59F000BF  return to ucrtbase.00007FFC59F000BF from ucrtbase.00007FFC59EFE2C0
$+230            00007FF731EAA058  return to bg3.00007FF731EAA058 from bg3.00007FF731EA9DC0
$+260            00007FF731E9B859  return to bg3.00007FF731E9B859 from bg3.00007FF7328FABA0
$+2F0            00007FF731EA8D1C  return to bg3.00007FF731EA8D1C from bg3.00007FF731EA8D60
$+320            00007FF72F7D2CE5  return to bg3.00007FF72F7D2CE5 from bg3.00007FF7328FABA0
$+330            00007FF73207714E  return to bg3.00007FF73207714E from bg3.00007FF732036AF0
$+360            00007FF7320768E9  return to bg3.00007FF7320768E9 from bg3.00007FF732077140
$+390            00007FF732075FFB  return to bg3.00007FF732075FFB from bg3.00007FF732076DC0
$+3C0            00007FF72F8DEFAD  return to bg3.00007FF72F8DEFAD from bg3.00007FF7328FABA0
$+410            00007FF73205A070  return to bg3.00007FF73205A070 from bg3.00007FF732075FD0
$+440            00007FF731FEEDF0  return to bg3.00007FF731FEEDF0 from bg3.00007FF73205A050
$+470            00007FF72F8E1F60  return to bg3.00007FF72F8E1F60 from bg3.00007FF7328FABA0
$+490            00007FF731FEEBAA  return to bg3.00007FF731FEEBAA from bg3.00007FF732059B00
$+4F0            00007FF72FCC1277  return to bg3.00007FF72FCC1277 from bg3.00007FF72FB0A100
$+530            00007FF73170194C  return to bg3.00007FF73170194C from ???
$+568            0000028FB9903BE0  &"UnlockAchievement"
$+5A0            00007FFC2F1B187B  return to osiris.00007FFC2F1B187B from osiris.00007FFC2F1A15E0
$+5F0            00007FFC5C2E76E1  return to ntdll.00007FFC5C2E76E1 from ntdll.00007FFC5C2E7BF0
$+600            000002909C67A210  "UnlockAchievement/2"
$+650            00007FFC2F1B1FFF  return to osiris.00007FFC2F1B1FFF from osiris.00007FFC2F1B1130
$+680            00007FFC2F1E278D  return to osiris.00007FFC2F1E278D from osiris.00007FFC2F1B1FE0
$+690            000000D8729DE828  &"UnlockAchievement/2"
$+6B0            00007FFC2F1E6B8B  return to osiris.00007FFC2F1E6B8B from ???
$+6F0            00007FFC2F1E11F3  return to osiris.00007FFC2F1E11F3 from osiris.00007FFC2F1E6B00
$+770            00007FFC2F1DD563  return to osiris.00007FFC2F1DD563 from ???
$+7A0            00007FFC2F1B37E8  return to osiris.00007FFC2F1B37E8 from osiris.00007FFC2F1A3470
$+7D0            0000028FB99039E0  &"PROC_Achievements_Internal_Unlock"
$+7E0            00007FFC2F1DD31D  return to osiris.00007FFC2F1DD31D from ???
$+850            00007FFC2F1B19D1  return to osiris.00007FFC2F1B19D1 from ???
$+8B0            0000029084998910  "PROC_Achievements_Internal_Unlock/2"
$+900            00007FFC2F1B1FFF  return to osiris.00007FFC2F1B1FFF from osiris.00007FFC2F1B1130
$+930            00007FFC2F1E278D  return to osiris.00007FFC2F1E278D from osiris.00007FFC2F1B1FE0
$+960            00007FFC2F1E6B8B  return to osiris.00007FFC2F1E6B8B from ???
$+9A0            00007FFC2F1DFC46  return to osiris.00007FFC2F1DFC46 from osiris.00007FFC2F1E6B00
$+A00            00007FFC2F1BC5CE  return to osiris.00007FFC2F1BC5CE from osiris.00007FFC2F1A50D0
$+A20            00007FF731FEF28F  return to bg3.00007FF731FEF28F from ???
$+A30            00007FFC2F1B3CA5  return to osiris.00007FFC2F1B3CA5 from ???
$+A50            00007FF73207240B  return to bg3.00007FF73207240B from bg3.00007FF731FEF2D0
$+A90            00007FFC2F1E6A07  return to osiris.00007FFC2F1E6A07 from osiris.00007FFC2F1DF100
$+AD0            00007FFC2F1E6B8B  return to osiris.00007FFC2F1E6B8B from ???
$+B10            00007FFC2F1DCDD6  return to osiris.00007FFC2F1DCDD6 from osiris.00007FFC2F1E6B00
$+B80            00007FFC2F1DF862  return to osiris.00007FFC2F1DF862 from osiris.00007FFC2F1DCBE0
$+C30            00007FF7320722A8  return to bg3.00007FF7320722A8 from bg3.00007FF731FEF2D0
$+C70            00007FFC2F1E6A07  return to osiris.00007FFC2F1E6A07 from osiris.00007FFC2F1DF100
$+CB0            00007FFC2F1E6B8B  return to osiris.00007FFC2F1E6B8B from ???
$+CF0            00007FFC2F1DCDD6  return to osiris.00007FFC2F1DCDD6 from osiris.00007FFC2F1E6B00
$+D60            00007FFC2F1DF862  return to osiris.00007FFC2F1DF862 from osiris.00007FFC2F1DCBE0
$+DA0            00007FFC2F1BAED6  return to osiris.00007FFC2F1BAED6 from ???
$+E50            00007FFC2F1E6A07  return to osiris.00007FFC2F1E6A07 from osiris.00007FFC2F1DF100
$+E90            00007FFC2F1DD563  return to osiris.00007FFC2F1DD563 from ???
$+EC0            00007FFC2F1B37E8  return to osiris.00007FFC2F1B37E8 from osiris.00007FFC2F1A3470
$+EF0            00007FF4491A1C00  &"PROC_Achievements_Unlock"
$+F00            00007FFC2F1DD31D  return to osiris.00007FFC2F1DD31D from ???
$+F70            00007FFC2F1B19D1  return to osiris.00007FFC2F1B19D1 from ???
$+FD0            000002909C67A7E0  "PROC_Achievements_Unlock/2"
$+1020           00007FFC2F1B1FFF  return to osiris.00007FFC2F1B1FFF from osiris.00007FFC2F1B1130
$+1050           00007FFC2F1E278D  return to osiris.00007FFC2F1E278D from osiris.00007FFC2F1B1FE0
$+1060           000000D8729DF1F8  &"PROC_Achievements_Unlock/2"
$+1080           00007FFC2F1E6B8B  return to osiris.00007FFC2F1E6B8B from ???
$+10C0           00007FFC2F1E11F3  return to osiris.00007FFC2F1E11F3 from osiris.00007FFC2F1E6B00
$+10F0           00007FFC2F1BC759  return to osiris.00007FFC2F1BC759 from osiris.00007FFC2F1B8B70
$+1140           00007FFC2F1DD563  return to osiris.00007FFC2F1DD563 from ???
$+1170           00007FFC2F1B37E8  return to osiris.00007FFC2F1B37E8 from osiris.00007FFC2F1A3470
$+11A0           0000028FB9CEBD40  &"PROC_Hirelings_Hire"
$+11B0           00007FFC2F1DD31D  return to osiris.00007FFC2F1DD31D from ???
$+1220           00007FFC2F1B19D1  return to osiris.00007FFC2F1B19D1 from ???
$+1280           000002909C67A6F0  "PROC_Hirelings_Hire/2"
$+12D0           00007FFC2F1B1FFF  return to osiris.00007FFC2F1B1FFF from osiris.00007FFC2F1B1130
$+1300           00007FFC2F1E278D  return to osiris.00007FFC2F1E278D from osiris.00007FFC2F1B1FE0
$+1310           000000D8729DF4A8  &"PROC_Hirelings_Hire/2"
$+1330           00007FFC2F1DD563  return to osiris.00007FFC2F1DD563 from ???
$+1360           00007FFC2F1B37E8  return to osiris.00007FFC2F1B37E8 from osiris.00007FFC2F1A3470
$+13A0           00007FFC2F1DD31D  return to osiris.00007FFC2F1DD31D from ???
$+1410           00007FFC2F1C621E  return to osiris.00007FFC2F1C621E from ???
$+1470           00007FF731701547  return to bg3.00007FF731701547 from ???
$+1490           00007FFC2F1D5F6A  return to osiris.00007FFC2F1D5F6A from osiris.00007FFC2F1A50D0
$+14A0           00007FF7316FE1F0  return to bg3.00007FF7316FE1F0 from bg3.00007FF731701500
$+14D0           00007FF7317005AA  return to bg3.00007FF7317005AA from bg3.00007FF7316FE1D0
$+1510           0000028F9ABD31E7  return to 0000028F9ABD31E7 from 0000028F9ABD12D4
$+1520           0000028F9ABD31E7  return to 0000028F9ABD31E7 from 0000028F9ABD12D4
$+1570           00007FF7316FC7F9  return to bg3.00007FF7316FC7F9 from bg3.00007FF731700310
$+15A0           00007FF72FCD3CEC  return to bg3.00007FF72FCD3CEC from bg3.00007FF72F892C20
$+15B0           0000028F9ABD1330  return to 0000028F9ABD1330 from ???
$+15D0           00007FF72F83A856  return to bg3.00007FF72F83A856 from ???
$+15E0           00007FF72FD57669  return to bg3.00007FF72FD57669 from bg3.00007FF72FD59F80
$+1600           00007FF72FA66B62  return to bg3.00007FF72FA66B62 from bg3.00007FF731EA58C0
$+1610           00007FF731EC9EF3  return to bg3.00007FF731EC9EF3 from ???
$+1640           00007FF731EA0FD7  return to bg3.00007FF731EA0FD7 from ???
$+1670           00007FF72F7CA04A  return to bg3.00007FF72F7CA04A from bg3.00007FF72F83A640
$+16A0           00007FF72EE6F73A  return to bg3.00007FF72EE6F73A from bg3.00007FF72F7CA000
$+1860           00007FF732016044  return to bg3.00007FF732016044 from ???
$+18A0           00007FF732016257  return to bg3.00007FF732016257 from bg3.00007FF732016020
$+18E0           00007FFC5B5A55A0  return to kernel32.00007FFC5B5A55A0 from kernel32.00007FFC5B5B58E0
$+1910           00007FFC5C2C485B  return to ntdll.00007FFC5C2C485B from ???
